<?xml version="1.0" encoding="utf-8"?><testsuite errors="0" failures="0" name="pytest" skips="1" tests="3" time="0.360"><testcase classname="test_p001" file="test_p001.py" line="16" name="test_login" time="0.0015413761138916016"></testcase><testcase classname="test_p001" file="test_p001.py" line="20" name="test_notify" time="0.0011239051818847656"></testcase><testcase classname="test_p001" file="test_p001.py" line="24" name="test_logout" time="0.0006120204925537109"><skipped message="skip" type="pytest.skip">test_p001.py:24: &lt;py._xmlgen.raw object at 0x10eadbd68&gt;</skipped></testcase></testsuite>